<?xml version="1.0" encoding="UTF-8"?>
<testsuite xmlns:xsi="http://www.w3.org/2001/XMLSchema-instance" xsi:noNamespaceSchemaLocation="https://maven.apache.org/surefire/maven-surefire-plugin/xsd/surefire-test-report.xsd" name="com.renastech.FlightTicketBooking.FlightTicketBookingApplicationTests" time="3.903" tests="1" errors="0" skipped="0" failures="0">
  <properties>
    <property name="java.specification.version" value="19"/>
    <property name="sun.jnu.encoding" value="UTF-8"/>
    <property name="java.class.path" value="/Users/cihandilsiz/Desktop/flight-ticket-booking-main 2/backend/target/test-classes:/Users/cihandilsiz/Desktop/flight-ticket-booking-main 2/backend/target/classes:/Users/cihandilsiz/.m2/repository/io/jsonwebtoken/jjwt/0.9.1/jjwt-0.9.1.jar:/Users/cihandilsiz/.m2/repository/com/fasterxml/jackson/core/jackson-databind/2.12.5/jackson-databind-2.12.5.jar:/Users/cihandilsiz/.m2/repository/com/fasterxml/jackson/core/jackson-annotations/2.12.5/jackson-annotations-2.12.5.jar:/Users/cihandilsiz/.m2/repository/com/fasterxml/jackson/core/jackson-core/2.12.5/jackson-core-2.12.5.jar:/Users/cihandilsiz/.m2/repository/com/stripe/stripe-java/21.13.0/stripe-java-21.13.0.jar:/Users/cihandilsiz/.m2/repository/com/google/code/gson/gson/2.10/gson-2.10.jar:/Users/cihandilsiz/.m2/repository/org/springframework/boot/spring-boot-starter-security/2.5.6/spring-boot-starter-security-2.5.6.jar:/Users/cihandilsiz/.m2/repository/org/springframework/boot/spring-boot-starter/2.5.6/spring-boot-starter-2.5.6.jar:/Users/cihandilsiz/.m2/repository/org/springframework/boot/spring-boot/2.5.6/spring-boot-2.5.6.jar:/Users/cihandilsiz/.m2/repository/org/springframework/boot/spring-boot-autoconfigure/2.5.6/spring-boot-autoconfigure-2.5.6.jar:/Users/cihandilsiz/.m2/repository/org/springframework/boot/spring-boot-starter-logging/2.5.6/spring-boot-starter-logging-2.5.6.jar:/Users/cihandilsiz/.m2/repository/ch/qos/logback/logback-classic/1.2.6/logback-classic-1.2.6.jar:/Users/cihandilsiz/.m2/repository/ch/qos/logback/logback-core/1.2.6/logback-core-1.2.6.jar:/Users/cihandilsiz/.m2/repository/org/apache/logging/log4j/log4j-to-slf4j/2.14.1/log4j-to-slf4j-2.14.1.jar:/Users/cihandilsiz/.m2/repository/org/apache/logging/log4j/log4j-api/2.14.1/log4j-api-2.14.1.jar:/Users/cihandilsiz/.m2/repository/org/slf4j/jul-to-slf4j/1.7.32/jul-to-slf4j-1.7.32.jar:/Users/cihandilsiz/.m2/repository/jakarta/annotation/jakarta.annotation-api/1.3.5/jakarta.annotation-api-1.3.5.jar:/Users/cihandilsiz/.m2/repository/org/yaml/snakeyaml/1.28/snakeyaml-1.28.jar:/Users/cihandilsiz/.m2/repository/org/springframework/spring-aop/5.3.12/spring-aop-5.3.12.jar:/Users/cihandilsiz/.m2/repository/org/springframework/security/spring-security-config/5.5.3/spring-security-config-5.5.3.jar:/Users/cihandilsiz/.m2/repository/org/springframework/security/spring-security-web/5.5.3/spring-security-web-5.5.3.jar:/Users/cihandilsiz/.m2/repository/org/apache/tika/tika-core/2.5.0/tika-core-2.5.0.jar:/Users/cihandilsiz/.m2/repository/org/slf4j/slf4j-api/1.7.32/slf4j-api-1.7.32.jar:/Users/cihandilsiz/.m2/repository/commons-io/commons-io/2.11.0/commons-io-2.11.0.jar:/Users/cihandilsiz/.m2/repository/org/springframework/boot/spring-boot-starter-actuator/2.5.6/spring-boot-starter-actuator-2.5.6.jar:/Users/cihandilsiz/.m2/repository/org/springframework/boot/spring-boot-actuator-autoconfigure/2.5.6/spring-boot-actuator-autoconfigure-2.5.6.jar:/Users/cihandilsiz/.m2/repository/org/springframework/boot/spring-boot-actuator/2.5.6/spring-boot-actuator-2.5.6.jar:/Users/cihandilsiz/.m2/repository/com/fasterxml/jackson/datatype/jackson-datatype-jsr310/2.12.5/jackson-datatype-jsr310-2.12.5.jar:/Users/cihandilsiz/.m2/repository/io/micrometer/micrometer-core/1.7.5/micrometer-core-1.7.5.jar:/Users/cihandilsiz/.m2/repository/org/hdrhistogram/HdrHistogram/2.1.12/HdrHistogram-2.1.12.jar:/Users/cihandilsiz/.m2/repository/org/latencyutils/LatencyUtils/2.0.3/LatencyUtils-2.0.3.jar:/Users/cihandilsiz/.m2/repository/org/springframework/boot/spring-boot-starter-data-jpa/2.5.6/spring-boot-starter-data-jpa-2.5.6.jar:/Users/cihandilsiz/.m2/repository/org/springframework/boot/spring-boot-starter-aop/2.5.6/spring-boot-starter-aop-2.5.6.jar:/Users/cihandilsiz/.m2/repository/org/aspectj/aspectjweaver/1.9.7/aspectjweaver-1.9.7.jar:/Users/cihandilsiz/.m2/repository/org/springframework/boot/spring-boot-starter-jdbc/2.5.6/spring-boot-starter-jdbc-2.5.6.jar:/Users/cihandilsiz/.m2/repository/com/zaxxer/HikariCP/4.0.3/HikariCP-4.0.3.jar:/Users/cihandilsiz/.m2/repository/org/springframework/spring-jdbc/5.3.12/spring-jdbc-5.3.12.jar:/Users/cihandilsiz/.m2/repository/jakarta/transaction/jakarta.transaction-api/1.3.3/jakarta.transaction-api-1.3.3.jar:/Users/cihandilsiz/.m2/repository/jakarta/persistence/jakarta.persistence-api/2.2.3/jakarta.persistence-api-2.2.3.jar:/Users/cihandilsiz/.m2/repository/org/hibernate/hibernate-core/5.4.32.Final/hibernate-core-5.4.32.Final.jar:/Users/cihandilsiz/.m2/repository/org/jboss/logging/jboss-logging/3.4.2.Final/jboss-logging-3.4.2.Final.jar:/Users/cihandilsiz/.m2/repository/org/javassist/javassist/3.27.0-GA/javassist-3.27.0-GA.jar:/Users/cihandilsiz/.m2/repository/net/bytebuddy/byte-buddy/1.10.22/byte-buddy-1.10.22.jar:/Users/cihandilsiz/.m2/repository/antlr/antlr/2.7.7/antlr-2.7.7.jar:/Users/cihandilsiz/.m2/repository/org/jboss/jandex/2.2.3.Final/jandex-2.2.3.Final.jar:/Users/cihandilsiz/.m2/repository/com/fasterxml/classmate/1.5.1/classmate-1.5.1.jar:/Users/cihandilsiz/.m2/repository/org/dom4j/dom4j/2.1.3/dom4j-2.1.3.jar:/Users/cihandilsiz/.m2/repository/org/hibernate/common/hibernate-commons-annotations/5.1.2.Final/hibernate-commons-annotations-5.1.2.Final.jar:/Users/cihandilsiz/.m2/repository/org/glassfish/jaxb/jaxb-runtime/2.3.5/jaxb-runtime-2.3.5.jar:/Users/cihandilsiz/.m2/repository/org/glassfish/jaxb/txw2/2.3.5/txw2-2.3.5.jar:/Users/cihandilsiz/.m2/repository/com/sun/istack/istack-commons-runtime/3.0.12/istack-commons-runtime-3.0.12.jar:/Users/cihandilsiz/.m2/repository/com/sun/activation/jakarta.activation/1.2.2/jakarta.activation-1.2.2.jar:/Users/cihandilsiz/.m2/repository/org/springframework/data/spring-data-jpa/2.5.6/spring-data-jpa-2.5.6.jar:/Users/cihandilsiz/.m2/repository/org/springframework/data/spring-data-commons/2.5.6/spring-data-commons-2.5.6.jar:/Users/cihandilsiz/.m2/repository/org/springframework/spring-orm/5.3.12/spring-orm-5.3.12.jar:/Users/cihandilsiz/.m2/repository/org/springframework/spring-tx/5.3.12/spring-tx-5.3.12.jar:/Users/cihandilsiz/.m2/repository/org/springframework/spring-aspects/5.3.12/spring-aspects-5.3.12.jar:/Users/cihandilsiz/.m2/repository/org/springframework/boot/spring-boot-starter-web/2.5.6/spring-boot-starter-web-2.5.6.jar:/Users/cihandilsiz/.m2/repository/org/springframework/boot/spring-boot-starter-tomcat/2.5.6/spring-boot-starter-tomcat-2.5.6.jar:/Users/cihandilsiz/.m2/repository/org/apache/tomcat/embed/tomcat-embed-core/9.0.54/tomcat-embed-core-9.0.54.jar:/Users/cihandilsiz/.m2/repository/org/apache/tomcat/embed/tomcat-embed-websocket/9.0.54/tomcat-embed-websocket-9.0.54.jar:/Users/cihandilsiz/.m2/repository/org/springframework/spring-web/5.3.12/spring-web-5.3.12.jar:/Users/cihandilsiz/.m2/repository/org/postgresql/postgresql/42.5.0/postgresql-42.5.0.jar:/Users/cihandilsiz/.m2/repository/org/checkerframework/checker-qual/3.5.0/checker-qual-3.5.0.jar:/Users/cihandilsiz/.m2/repository/org/springframework/spring-webmvc/5.3.23/spring-webmvc-5.3.23.jar:/Users/cihandilsiz/.m2/repository/org/springframework/spring-beans/5.3.12/spring-beans-5.3.12.jar:/Users/cihandilsiz/.m2/repository/org/springframework/spring-context/5.3.12/spring-context-5.3.12.jar:/Users/cihandilsiz/.m2/repository/org/springframework/spring-core/5.3.12/spring-core-5.3.12.jar:/Users/cihandilsiz/.m2/repository/org/springframework/spring-jcl/5.3.12/spring-jcl-5.3.12.jar:/Users/cihandilsiz/.m2/repository/org/springframework/spring-expression/5.3.12/spring-expression-5.3.12.jar:/Users/cihandilsiz/.m2/repository/org/springframework/boot/spring-boot-starter-test/2.5.6/spring-boot-starter-test-2.5.6.jar:/Users/cihandilsiz/.m2/repository/org/springframework/boot/spring-boot-test/2.5.6/spring-boot-test-2.5.6.jar:/Users/cihandilsiz/.m2/repository/org/springframework/boot/spring-boot-test-autoconfigure/2.5.6/spring-boot-test-autoconfigure-2.5.6.jar:/Users/cihandilsiz/.m2/repository/com/jayway/jsonpath/json-path/2.5.0/json-path-2.5.0.jar:/Users/cihandilsiz/.m2/repository/net/minidev/json-smart/2.4.7/json-smart-2.4.7.jar:/Users/cihandilsiz/.m2/repository/net/minidev/accessors-smart/2.4.7/accessors-smart-2.4.7.jar:/Users/cihandilsiz/.m2/repository/org/ow2/asm/asm/9.1/asm-9.1.jar:/Users/cihandilsiz/.m2/repository/jakarta/xml/bind/jakarta.xml.bind-api/2.3.3/jakarta.xml.bind-api-2.3.3.jar:/Users/cihandilsiz/.m2/repository/jakarta/activation/jakarta.activation-api/1.2.2/jakarta.activation-api-1.2.2.jar:/Users/cihandilsiz/.m2/repository/org/assertj/assertj-core/3.19.0/assertj-core-3.19.0.jar:/Users/cihandilsiz/.m2/repository/org/hamcrest/hamcrest/2.2/hamcrest-2.2.jar:/Users/cihandilsiz/.m2/repository/org/junit/jupiter/junit-jupiter/5.7.2/junit-jupiter-5.7.2.jar:/Users/cihandilsiz/.m2/repository/org/junit/jupiter/junit-jupiter-api/5.7.2/junit-jupiter-api-5.7.2.jar:/Users/cihandilsiz/.m2/repository/org/apiguardian/apiguardian-api/1.1.0/apiguardian-api-1.1.0.jar:/Users/cihandilsiz/.m2/repository/org/opentest4j/opentest4j/1.2.0/opentest4j-1.2.0.jar:/Users/cihandilsiz/.m2/repository/org/junit/platform/junit-platform-commons/1.7.2/junit-platform-commons-1.7.2.jar:/Users/cihandilsiz/.m2/repository/org/junit/jupiter/junit-jupiter-params/5.7.2/junit-jupiter-params-5.7.2.jar:/Users/cihandilsiz/.m2/repository/org/junit/jupiter/junit-jupiter-engine/5.7.2/junit-jupiter-engine-5.7.2.jar:/Users/cihandilsiz/.m2/repository/org/junit/platform/junit-platform-engine/1.7.2/junit-platform-engine-1.7.2.jar:/Users/cihandilsiz/.m2/repository/org/mockito/mockito-core/3.9.0/mockito-core-3.9.0.jar:/Users/cihandilsiz/.m2/repository/net/bytebuddy/byte-buddy-agent/1.10.22/byte-buddy-agent-1.10.22.jar:/Users/cihandilsiz/.m2/repository/org/objenesis/objenesis/3.2/objenesis-3.2.jar:/Users/cihandilsiz/.m2/repository/org/mockito/mockito-junit-jupiter/3.9.0/mockito-junit-jupiter-3.9.0.jar:/Users/cihandilsiz/.m2/repository/org/skyscreamer/jsonassert/1.5.0/jsonassert-1.5.0.jar:/Users/cihandilsiz/.m2/repository/com/vaadin/external/google/android-json/0.0.20131108.vaadin1/android-json-0.0.20131108.vaadin1.jar:/Users/cihandilsiz/.m2/repository/org/springframework/spring-test/5.3.12/spring-test-5.3.12.jar:/Users/cihandilsiz/.m2/repository/org/xmlunit/xmlunit-core/2.8.3/xmlunit-core-2.8.3.jar:/Users/cihandilsiz/.m2/repository/org/springframework/security/spring-security-test/5.5.3/spring-security-test-5.5.3.jar:/Users/cihandilsiz/.m2/repository/org/springframework/security/spring-security-core/5.5.3/spring-security-core-5.5.3.jar:/Users/cihandilsiz/.m2/repository/org/springframework/security/spring-security-crypto/5.5.3/spring-security-crypto-5.5.3.jar:/Users/cihandilsiz/.m2/repository/org/springframework/boot/spring-boot-starter-validation/2.7.4/spring-boot-starter-validation-2.7.4.jar:/Users/cihandilsiz/.m2/repository/org/apache/tomcat/embed/tomcat-embed-el/9.0.54/tomcat-embed-el-9.0.54.jar:/Users/cihandilsiz/.m2/repository/org/hibernate/validator/hibernate-validator/6.2.0.Final/hibernate-validator-6.2.0.Final.jar:/Users/cihandilsiz/.m2/repository/jakarta/validation/jakarta.validation-api/2.0.2/jakarta.validation-api-2.0.2.jar:/Users/cihandilsiz/.m2/repository/org/mapstruct/mapstruct/1.4.2.Final/mapstruct-1.4.2.Final.jar:/Users/cihandilsiz/.m2/repository/org/springdoc/springdoc-openapi-ui/1.5.11/springdoc-openapi-ui-1.5.11.jar:/Users/cihandilsiz/.m2/repository/org/springdoc/springdoc-openapi-webmvc-core/1.5.11/springdoc-openapi-webmvc-core-1.5.11.jar:/Users/cihandilsiz/.m2/repository/org/springdoc/springdoc-openapi-common/1.5.11/springdoc-openapi-common-1.5.11.jar:/Users/cihandilsiz/.m2/repository/io/swagger/core/v3/swagger-models/2.1.11/swagger-models-2.1.11.jar:/Users/cihandilsiz/.m2/repository/io/swagger/core/v3/swagger-annotations/2.1.11/swagger-annotations-2.1.11.jar:/Users/cihandilsiz/.m2/repository/io/swagger/core/v3/swagger-integration/2.1.11/swagger-integration-2.1.11.jar:/Users/cihandilsiz/.m2/repository/io/swagger/core/v3/swagger-core/2.1.11/swagger-core-2.1.11.jar:/Users/cihandilsiz/.m2/repository/com/fasterxml/jackson/dataformat/jackson-dataformat-yaml/2.12.5/jackson-dataformat-yaml-2.12.5.jar:/Users/cihandilsiz/.m2/repository/io/github/classgraph/classgraph/4.8.69/classgraph-4.8.69.jar:/Users/cihandilsiz/.m2/repository/org/webjars/swagger-ui/3.52.3/swagger-ui-3.52.3.jar:/Users/cihandilsiz/.m2/repository/org/webjars/webjars-locator-core/0.46/webjars-locator-core-0.46.jar:/Users/cihandilsiz/.m2/repository/io/springfox/springfox-swagger-ui/3.0.0/springfox-swagger-ui-3.0.0.jar:/Users/cihandilsiz/.m2/repository/io/springfox/springfox-spring-webmvc/3.0.0/springfox-spring-webmvc-3.0.0.jar:/Users/cihandilsiz/.m2/repository/io/springfox/springfox-spi/3.0.0/springfox-spi-3.0.0.jar:/Users/cihandilsiz/.m2/repository/io/springfox/springfox-schema/3.0.0/springfox-schema-3.0.0.jar:/Users/cihandilsiz/.m2/repository/io/springfox/springfox-core/3.0.0/springfox-core-3.0.0.jar:/Users/cihandilsiz/.m2/repository/io/springfox/springfox-spring-web/3.0.0/springfox-spring-web-3.0.0.jar:/Users/cihandilsiz/.m2/repository/org/springframework/plugin/spring-plugin-core/2.0.0.RELEASE/spring-plugin-core-2.0.0.RELEASE.jar:/Users/cihandilsiz/.m2/repository/org/springframework/plugin/spring-plugin-metadata/2.0.0.RELEASE/spring-plugin-metadata-2.0.0.RELEASE.jar:/Users/cihandilsiz/.m2/repository/org/projectlombok/lombok/1.18.22/lombok-1.18.22.jar:/Users/cihandilsiz/.m2/repository/com/google/guava/guava/28.1-jre/guava-28.1-jre.jar:/Users/cihandilsiz/.m2/repository/com/google/guava/failureaccess/1.0.1/failureaccess-1.0.1.jar:/Users/cihandilsiz/.m2/repository/com/google/guava/listenablefuture/9999.0-empty-to-avoid-conflict-with-guava/listenablefuture-9999.0-empty-to-avoid-conflict-with-guava.jar:/Users/cihandilsiz/.m2/repository/com/google/code/findbugs/jsr305/3.0.2/jsr305-3.0.2.jar:/Users/cihandilsiz/.m2/repository/com/google/errorprone/error_prone_annotations/2.3.2/error_prone_annotations-2.3.2.jar:/Users/cihandilsiz/.m2/repository/com/google/j2objc/j2objc-annotations/1.3/j2objc-annotations-1.3.jar:/Users/cihandilsiz/.m2/repository/org/codehaus/mojo/animal-sniffer-annotations/1.18/animal-sniffer-annotations-1.18.jar:/Users/cihandilsiz/.m2/repository/com/asayama/docs/gwt/angular/examples/CustomFilter/1.0.3/CustomFilter-1.0.3.jar:/Users/cihandilsiz/.m2/repository/com/asayama/gwt/angular/gwt-angular-ngRoute/0.2.4/gwt-angular-ngRoute-0.2.4.jar:/Users/cihandilsiz/.m2/repository/com/google/gwt/gwt-user/2.8.0-beta1/gwt-user-2.8.0-beta1.jar:/Users/cihandilsiz/.m2/repository/javax/validation/validation-api/2.0.1.Final/validation-api-2.0.1.Final.jar:/Users/cihandilsiz/.m2/repository/javax/validation/validation-api/1.0.0.GA/validation-api-1.0.0.GA-sources.jar:/Users/cihandilsiz/.m2/repository/com/asayama/gwt/angular/gwt-angular-ng/0.2.4/gwt-angular-ng-0.2.4.jar:/Users/cihandilsiz/.m2/repository/com/asayama/gwt/gwt-util/0.1.4/gwt-util-0.1.4.jar:/Users/cihandilsiz/.m2/repository/org/apache/velocity/velocity/1.7/velocity-1.7.jar:/Users/cihandilsiz/.m2/repository/commons-collections/commons-collections/3.2.1/commons-collections-3.2.1.jar:/Users/cihandilsiz/.m2/repository/commons-lang/commons-lang/2.4/commons-lang-2.4.jar:/Users/cihandilsiz/.m2/repository/com/asayama/gwt/angular/gwt-angular-resources/0.2.4/gwt-angular-resources-0.2.4.jar:/Users/cihandilsiz/.m2/repository/com/asayama/gwt/angular/gwt-angular-ngSanitize/0.2.4/gwt-angular-ngSanitize-0.2.4.jar:/Users/cihandilsiz/.m2/repository/org/apache/commons/commons-lang3/3.8.1/commons-lang3-3.8.1.jar:/Users/cihandilsiz/.m2/repository/javax/servlet/servlet-api/3.0-alpha-1/servlet-api-3.0-alpha-1.jar:"/>
    <property name="java.vm.vendor" value="Oracle Corporation"/>
    <property name="sun.arch.data.model" value="64"/>
    <property name="java.vendor.url" value="https://java.oracle.com/"/>
    <property name="os.name" value="Mac OS X"/>
    <property name="java.vm.specification.version" value="19"/>
    <property name="sun.java.launcher" value="SUN_STANDARD"/>
    <property name="user.country" value="US"/>
    <property name="sun.boot.library.path" value="/Library/Java/JavaVirtualMachines/jdk-19.jdk/Contents/Home/lib"/>
    <property name="sun.java.command" value="/Users/cihandilsiz/Desktop/flight-ticket-booking-main 2/backend/target/surefire/surefirebooter987682486882752931.jar /Users/cihandilsiz/Desktop/flight-ticket-booking-main 2/backend/target/surefire 2023-03-10T21-31-49_239-jvmRun1 surefire6435712798519805552tmp surefire_010852103954095160192tmp"/>
    <property name="jdk.debug" value="release"/>
    <property name="surefire.test.class.path" value="/Users/cihandilsiz/Desktop/flight-ticket-booking-main 2/backend/target/test-classes:/Users/cihandilsiz/Desktop/flight-ticket-booking-main 2/backend/target/classes:/Users/cihandilsiz/.m2/repository/io/jsonwebtoken/jjwt/0.9.1/jjwt-0.9.1.jar:/Users/cihandilsiz/.m2/repository/com/fasterxml/jackson/core/jackson-databind/2.12.5/jackson-databind-2.12.5.jar:/Users/cihandilsiz/.m2/repository/com/fasterxml/jackson/core/jackson-annotations/2.12.5/jackson-annotations-2.12.5.jar:/Users/cihandilsiz/.m2/repository/com/fasterxml/jackson/core/jackson-core/2.12.5/jackson-core-2.12.5.jar:/Users/cihandilsiz/.m2/repository/com/stripe/stripe-java/21.13.0/stripe-java-21.13.0.jar:/Users/cihandilsiz/.m2/repository/com/google/code/gson/gson/2.10/gson-2.10.jar:/Users/cihandilsiz/.m2/repository/org/springframework/boot/spring-boot-starter-security/2.5.6/spring-boot-starter-security-2.5.6.jar:/Users/cihandilsiz/.m2/repository/org/springframework/boot/spring-boot-starter/2.5.6/spring-boot-starter-2.5.6.jar:/Users/cihandilsiz/.m2/repository/org/springframework/boot/spring-boot/2.5.6/spring-boot-2.5.6.jar:/Users/cihandilsiz/.m2/repository/org/springframework/boot/spring-boot-autoconfigure/2.5.6/spring-boot-autoconfigure-2.5.6.jar:/Users/cihandilsiz/.m2/repository/org/springframework/boot/spring-boot-starter-logging/2.5.6/spring-boot-starter-logging-2.5.6.jar:/Users/cihandilsiz/.m2/repository/ch/qos/logback/logback-classic/1.2.6/logback-classic-1.2.6.jar:/Users/cihandilsiz/.m2/repository/ch/qos/logback/logback-core/1.2.6/logback-core-1.2.6.jar:/Users/cihandilsiz/.m2/repository/org/apache/logging/log4j/log4j-to-slf4j/2.14.1/log4j-to-slf4j-2.14.1.jar:/Users/cihandilsiz/.m2/repository/org/apache/logging/log4j/log4j-api/2.14.1/log4j-api-2.14.1.jar:/Users/cihandilsiz/.m2/repository/org/slf4j/jul-to-slf4j/1.7.32/jul-to-slf4j-1.7.32.jar:/Users/cihandilsiz/.m2/repository/jakarta/annotation/jakarta.annotation-api/1.3.5/jakarta.annotation-api-1.3.5.jar:/Users/cihandilsiz/.m2/repository/org/yaml/snakeyaml/1.28/snakeyaml-1.28.jar:/Users/cihandilsiz/.m2/repository/org/springframework/spring-aop/5.3.12/spring-aop-5.3.12.jar:/Users/cihandilsiz/.m2/repository/org/springframework/security/spring-security-config/5.5.3/spring-security-config-5.5.3.jar:/Users/cihandilsiz/.m2/repository/org/springframework/security/spring-security-web/5.5.3/spring-security-web-5.5.3.jar:/Users/cihandilsiz/.m2/repository/org/apache/tika/tika-core/2.5.0/tika-core-2.5.0.jar:/Users/cihandilsiz/.m2/repository/org/slf4j/slf4j-api/1.7.32/slf4j-api-1.7.32.jar:/Users/cihandilsiz/.m2/repository/commons-io/commons-io/2.11.0/commons-io-2.11.0.jar:/Users/cihandilsiz/.m2/repository/org/springframework/boot/spring-boot-starter-actuator/2.5.6/spring-boot-starter-actuator-2.5.6.jar:/Users/cihandilsiz/.m2/repository/org/springframework/boot/spring-boot-actuator-autoconfigure/2.5.6/spring-boot-actuator-autoconfigure-2.5.6.jar:/Users/cihandilsiz/.m2/repository/org/springframework/boot/spring-boot-actuator/2.5.6/spring-boot-actuator-2.5.6.jar:/Users/cihandilsiz/.m2/repository/com/fasterxml/jackson/datatype/jackson-datatype-jsr310/2.12.5/jackson-datatype-jsr310-2.12.5.jar:/Users/cihandilsiz/.m2/repository/io/micrometer/micrometer-core/1.7.5/micrometer-core-1.7.5.jar:/Users/cihandilsiz/.m2/repository/org/hdrhistogram/HdrHistogram/2.1.12/HdrHistogram-2.1.12.jar:/Users/cihandilsiz/.m2/repository/org/latencyutils/LatencyUtils/2.0.3/LatencyUtils-2.0.3.jar:/Users/cihandilsiz/.m2/repository/org/springframework/boot/spring-boot-starter-data-jpa/2.5.6/spring-boot-starter-data-jpa-2.5.6.jar:/Users/cihandilsiz/.m2/repository/org/springframework/boot/spring-boot-starter-aop/2.5.6/spring-boot-starter-aop-2.5.6.jar:/Users/cihandilsiz/.m2/repository/org/aspectj/aspectjweaver/1.9.7/aspectjweaver-1.9.7.jar:/Users/cihandilsiz/.m2/repository/org/springframework/boot/spring-boot-starter-jdbc/2.5.6/spring-boot-starter-jdbc-2.5.6.jar:/Users/cihandilsiz/.m2/repository/com/zaxxer/HikariCP/4.0.3/HikariCP-4.0.3.jar:/Users/cihandilsiz/.m2/repository/org/springframework/spring-jdbc/5.3.12/spring-jdbc-5.3.12.jar:/Users/cihandilsiz/.m2/repository/jakarta/transaction/jakarta.transaction-api/1.3.3/jakarta.transaction-api-1.3.3.jar:/Users/cihandilsiz/.m2/repository/jakarta/persistence/jakarta.persistence-api/2.2.3/jakarta.persistence-api-2.2.3.jar:/Users/cihandilsiz/.m2/repository/org/hibernate/hibernate-core/5.4.32.Final/hibernate-core-5.4.32.Final.jar:/Users/cihandilsiz/.m2/repository/org/jboss/logging/jboss-logging/3.4.2.Final/jboss-logging-3.4.2.Final.jar:/Users/cihandilsiz/.m2/repository/org/javassist/javassist/3.27.0-GA/javassist-3.27.0-GA.jar:/Users/cihandilsiz/.m2/repository/net/bytebuddy/byte-buddy/1.10.22/byte-buddy-1.10.22.jar:/Users/cihandilsiz/.m2/repository/antlr/antlr/2.7.7/antlr-2.7.7.jar:/Users/cihandilsiz/.m2/repository/org/jboss/jandex/2.2.3.Final/jandex-2.2.3.Final.jar:/Users/cihandilsiz/.m2/repository/com/fasterxml/classmate/1.5.1/classmate-1.5.1.jar:/Users/cihandilsiz/.m2/repository/org/dom4j/dom4j/2.1.3/dom4j-2.1.3.jar:/Users/cihandilsiz/.m2/repository/org/hibernate/common/hibernate-commons-annotations/5.1.2.Final/hibernate-commons-annotations-5.1.2.Final.jar:/Users/cihandilsiz/.m2/repository/org/glassfish/jaxb/jaxb-runtime/2.3.5/jaxb-runtime-2.3.5.jar:/Users/cihandilsiz/.m2/repository/org/glassfish/jaxb/txw2/2.3.5/txw2-2.3.5.jar:/Users/cihandilsiz/.m2/repository/com/sun/istack/istack-commons-runtime/3.0.12/istack-commons-runtime-3.0.12.jar:/Users/cihandilsiz/.m2/repository/com/sun/activation/jakarta.activation/1.2.2/jakarta.activation-1.2.2.jar:/Users/cihandilsiz/.m2/repository/org/springframework/data/spring-data-jpa/2.5.6/spring-data-jpa-2.5.6.jar:/Users/cihandilsiz/.m2/repository/org/springframework/data/spring-data-commons/2.5.6/spring-data-commons-2.5.6.jar:/Users/cihandilsiz/.m2/repository/org/springframework/spring-orm/5.3.12/spring-orm-5.3.12.jar:/Users/cihandilsiz/.m2/repository/org/springframework/spring-tx/5.3.12/spring-tx-5.3.12.jar:/Users/cihandilsiz/.m2/repository/org/springframework/spring-aspects/5.3.12/spring-aspects-5.3.12.jar:/Users/cihandilsiz/.m2/repository/org/springframework/boot/spring-boot-starter-web/2.5.6/spring-boot-starter-web-2.5.6.jar:/Users/cihandilsiz/.m2/repository/org/springframework/boot/spring-boot-starter-tomcat/2.5.6/spring-boot-starter-tomcat-2.5.6.jar:/Users/cihandilsiz/.m2/repository/org/apache/tomcat/embed/tomcat-embed-core/9.0.54/tomcat-embed-core-9.0.54.jar:/Users/cihandilsiz/.m2/repository/org/apache/tomcat/embed/tomcat-embed-websocket/9.0.54/tomcat-embed-websocket-9.0.54.jar:/Users/cihandilsiz/.m2/repository/org/springframework/spring-web/5.3.12/spring-web-5.3.12.jar:/Users/cihandilsiz/.m2/repository/org/postgresql/postgresql/42.5.0/postgresql-42.5.0.jar:/Users/cihandilsiz/.m2/repository/org/checkerframework/checker-qual/3.5.0/checker-qual-3.5.0.jar:/Users/cihandilsiz/.m2/repository/org/springframework/spring-webmvc/5.3.23/spring-webmvc-5.3.23.jar:/Users/cihandilsiz/.m2/repository/org/springframework/spring-beans/5.3.12/spring-beans-5.3.12.jar:/Users/cihandilsiz/.m2/repository/org/springframework/spring-context/5.3.12/spring-context-5.3.12.jar:/Users/cihandilsiz/.m2/repository/org/springframework/spring-core/5.3.12/spring-core-5.3.12.jar:/Users/cihandilsiz/.m2/repository/org/springframework/spring-jcl/5.3.12/spring-jcl-5.3.12.jar:/Users/cihandilsiz/.m2/repository/org/springframework/spring-expression/5.3.12/spring-expression-5.3.12.jar:/Users/cihandilsiz/.m2/repository/org/springframework/boot/spring-boot-starter-test/2.5.6/spring-boot-starter-test-2.5.6.jar:/Users/cihandilsiz/.m2/repository/org/springframework/boot/spring-boot-test/2.5.6/spring-boot-test-2.5.6.jar:/Users/cihandilsiz/.m2/repository/org/springframework/boot/spring-boot-test-autoconfigure/2.5.6/spring-boot-test-autoconfigure-2.5.6.jar:/Users/cihandilsiz/.m2/repository/com/jayway/jsonpath/json-path/2.5.0/json-path-2.5.0.jar:/Users/cihandilsiz/.m2/repository/net/minidev/json-smart/2.4.7/json-smart-2.4.7.jar:/Users/cihandilsiz/.m2/repository/net/minidev/accessors-smart/2.4.7/accessors-smart-2.4.7.jar:/Users/cihandilsiz/.m2/repository/org/ow2/asm/asm/9.1/asm-9.1.jar:/Users/cihandilsiz/.m2/repository/jakarta/xml/bind/jakarta.xml.bind-api/2.3.3/jakarta.xml.bind-api-2.3.3.jar:/Users/cihandilsiz/.m2/repository/jakarta/activation/jakarta.activation-api/1.2.2/jakarta.activation-api-1.2.2.jar:/Users/cihandilsiz/.m2/repository/org/assertj/assertj-core/3.19.0/assertj-core-3.19.0.jar:/Users/cihandilsiz/.m2/repository/org/hamcrest/hamcrest/2.2/hamcrest-2.2.jar:/Users/cihandilsiz/.m2/repository/org/junit/jupiter/junit-jupiter/5.7.2/junit-jupiter-5.7.2.jar:/Users/cihandilsiz/.m2/repository/org/junit/jupiter/junit-jupiter-api/5.7.2/junit-jupiter-api-5.7.2.jar:/Users/cihandilsiz/.m2/repository/org/apiguardian/apiguardian-api/1.1.0/apiguardian-api-1.1.0.jar:/Users/cihandilsiz/.m2/repository/org/opentest4j/opentest4j/1.2.0/opentest4j-1.2.0.jar:/Users/cihandilsiz/.m2/repository/org/junit/platform/junit-platform-commons/1.7.2/junit-platform-commons-1.7.2.jar:/Users/cihandilsiz/.m2/repository/org/junit/jupiter/junit-jupiter-params/5.7.2/junit-jupiter-params-5.7.2.jar:/Users/cihandilsiz/.m2/repository/org/junit/jupiter/junit-jupiter-engine/5.7.2/junit-jupiter-engine-5.7.2.jar:/Users/cihandilsiz/.m2/repository/org/junit/platform/junit-platform-engine/1.7.2/junit-platform-engine-1.7.2.jar:/Users/cihandilsiz/.m2/repository/org/mockito/mockito-core/3.9.0/mockito-core-3.9.0.jar:/Users/cihandilsiz/.m2/repository/net/bytebuddy/byte-buddy-agent/1.10.22/byte-buddy-agent-1.10.22.jar:/Users/cihandilsiz/.m2/repository/org/objenesis/objenesis/3.2/objenesis-3.2.jar:/Users/cihandilsiz/.m2/repository/org/mockito/mockito-junit-jupiter/3.9.0/mockito-junit-jupiter-3.9.0.jar:/Users/cihandilsiz/.m2/repository/org/skyscreamer/jsonassert/1.5.0/jsonassert-1.5.0.jar:/Users/cihandilsiz/.m2/repository/com/vaadin/external/google/android-json/0.0.20131108.vaadin1/android-json-0.0.20131108.vaadin1.jar:/Users/cihandilsiz/.m2/repository/org/springframework/spring-test/5.3.12/spring-test-5.3.12.jar:/Users/cihandilsiz/.m2/repository/org/xmlunit/xmlunit-core/2.8.3/xmlunit-core-2.8.3.jar:/Users/cihandilsiz/.m2/repository/org/springframework/security/spring-security-test/5.5.3/spring-security-test-5.5.3.jar:/Users/cihandilsiz/.m2/repository/org/springframework/security/spring-security-core/5.5.3/spring-security-core-5.5.3.jar:/Users/cihandilsiz/.m2/repository/org/springframework/security/spring-security-crypto/5.5.3/spring-security-crypto-5.5.3.jar:/Users/cihandilsiz/.m2/repository/org/springframework/boot/spring-boot-starter-validation/2.7.4/spring-boot-starter-validation-2.7.4.jar:/Users/cihandilsiz/.m2/repository/org/apache/tomcat/embed/tomcat-embed-el/9.0.54/tomcat-embed-el-9.0.54.jar:/Users/cihandilsiz/.m2/repository/org/hibernate/validator/hibernate-validator/6.2.0.Final/hibernate-validator-6.2.0.Final.jar:/Users/cihandilsiz/.m2/repository/jakarta/validation/jakarta.validation-api/2.0.2/jakarta.validation-api-2.0.2.jar:/Users/cihandilsiz/.m2/repository/org/mapstruct/mapstruct/1.4.2.Final/mapstruct-1.4.2.Final.jar:/Users/cihandilsiz/.m2/repository/org/springdoc/springdoc-openapi-ui/1.5.11/springdoc-openapi-ui-1.5.11.jar:/Users/cihandilsiz/.m2/repository/org/springdoc/springdoc-openapi-webmvc-core/1.5.11/springdoc-openapi-webmvc-core-1.5.11.jar:/Users/cihandilsiz/.m2/repository/org/springdoc/springdoc-openapi-common/1.5.11/springdoc-openapi-common-1.5.11.jar:/Users/cihandilsiz/.m2/repository/io/swagger/core/v3/swagger-models/2.1.11/swagger-models-2.1.11.jar:/Users/cihandilsiz/.m2/repository/io/swagger/core/v3/swagger-annotations/2.1.11/swagger-annotations-2.1.11.jar:/Users/cihandilsiz/.m2/repository/io/swagger/core/v3/swagger-integration/2.1.11/swagger-integration-2.1.11.jar:/Users/cihandilsiz/.m2/repository/io/swagger/core/v3/swagger-core/2.1.11/swagger-core-2.1.11.jar:/Users/cihandilsiz/.m2/repository/com/fasterxml/jackson/dataformat/jackson-dataformat-yaml/2.12.5/jackson-dataformat-yaml-2.12.5.jar:/Users/cihandilsiz/.m2/repository/io/github/classgraph/classgraph/4.8.69/classgraph-4.8.69.jar:/Users/cihandilsiz/.m2/repository/org/webjars/swagger-ui/3.52.3/swagger-ui-3.52.3.jar:/Users/cihandilsiz/.m2/repository/org/webjars/webjars-locator-core/0.46/webjars-locator-core-0.46.jar:/Users/cihandilsiz/.m2/repository/io/springfox/springfox-swagger-ui/3.0.0/springfox-swagger-ui-3.0.0.jar:/Users/cihandilsiz/.m2/repository/io/springfox/springfox-spring-webmvc/3.0.0/springfox-spring-webmvc-3.0.0.jar:/Users/cihandilsiz/.m2/repository/io/springfox/springfox-spi/3.0.0/springfox-spi-3.0.0.jar:/Users/cihandilsiz/.m2/repository/io/springfox/springfox-schema/3.0.0/springfox-schema-3.0.0.jar:/Users/cihandilsiz/.m2/repository/io/springfox/springfox-core/3.0.0/springfox-core-3.0.0.jar:/Users/cihandilsiz/.m2/repository/io/springfox/springfox-spring-web/3.0.0/springfox-spring-web-3.0.0.jar:/Users/cihandilsiz/.m2/repository/org/springframework/plugin/spring-plugin-core/2.0.0.RELEASE/spring-plugin-core-2.0.0.RELEASE.jar:/Users/cihandilsiz/.m2/repository/org/springframework/plugin/spring-plugin-metadata/2.0.0.RELEASE/spring-plugin-metadata-2.0.0.RELEASE.jar:/Users/cihandilsiz/.m2/repository/org/projectlombok/lombok/1.18.22/lombok-1.18.22.jar:/Users/cihandilsiz/.m2/repository/com/google/guava/guava/28.1-jre/guava-28.1-jre.jar:/Users/cihandilsiz/.m2/repository/com/google/guava/failureaccess/1.0.1/failureaccess-1.0.1.jar:/Users/cihandilsiz/.m2/repository/com/google/guava/listenablefuture/9999.0-empty-to-avoid-conflict-with-guava/listenablefuture-9999.0-empty-to-avoid-conflict-with-guava.jar:/Users/cihandilsiz/.m2/repository/com/google/code/findbugs/jsr305/3.0.2/jsr305-3.0.2.jar:/Users/cihandilsiz/.m2/repository/com/google/errorprone/error_prone_annotations/2.3.2/error_prone_annotations-2.3.2.jar:/Users/cihandilsiz/.m2/repository/com/google/j2objc/j2objc-annotations/1.3/j2objc-annotations-1.3.jar:/Users/cihandilsiz/.m2/repository/org/codehaus/mojo/animal-sniffer-annotations/1.18/animal-sniffer-annotations-1.18.jar:/Users/cihandilsiz/.m2/repository/com/asayama/docs/gwt/angular/examples/CustomFilter/1.0.3/CustomFilter-1.0.3.jar:/Users/cihandilsiz/.m2/repository/com/asayama/gwt/angular/gwt-angular-ngRoute/0.2.4/gwt-angular-ngRoute-0.2.4.jar:/Users/cihandilsiz/.m2/repository/com/google/gwt/gwt-user/2.8.0-beta1/gwt-user-2.8.0-beta1.jar:/Users/cihandilsiz/.m2/repository/javax/validation/validation-api/2.0.1.Final/validation-api-2.0.1.Final.jar:/Users/cihandilsiz/.m2/repository/javax/validation/validation-api/1.0.0.GA/validation-api-1.0.0.GA-sources.jar:/Users/cihandilsiz/.m2/repository/com/asayama/gwt/angular/gwt-angular-ng/0.2.4/gwt-angular-ng-0.2.4.jar:/Users/cihandilsiz/.m2/repository/com/asayama/gwt/gwt-util/0.1.4/gwt-util-0.1.4.jar:/Users/cihandilsiz/.m2/repository/org/apache/velocity/velocity/1.7/velocity-1.7.jar:/Users/cihandilsiz/.m2/repository/commons-collections/commons-collections/3.2.1/commons-collections-3.2.1.jar:/Users/cihandilsiz/.m2/repository/commons-lang/commons-lang/2.4/commons-lang-2.4.jar:/Users/cihandilsiz/.m2/repository/com/asayama/gwt/angular/gwt-angular-resources/0.2.4/gwt-angular-resources-0.2.4.jar:/Users/cihandilsiz/.m2/repository/com/asayama/gwt/angular/gwt-angular-ngSanitize/0.2.4/gwt-angular-ngSanitize-0.2.4.jar:/Users/cihandilsiz/.m2/repository/org/apache/commons/commons-lang3/3.8.1/commons-lang3-3.8.1.jar:/Users/cihandilsiz/.m2/repository/javax/servlet/servlet-api/3.0-alpha-1/servlet-api-3.0-alpha-1.jar:"/>
    <property name="sun.cpu.endian" value="little"/>
    <property name="user.home" value="/Users/cihandilsiz"/>
    <property name="user.language" value="en"/>
    <property name="java.specification.vendor" value="Oracle Corporation"/>
    <property name="java.version.date" value="2022-09-20"/>
    <property name="java.home" value="/Library/Java/JavaVirtualMachines/jdk-19.jdk/Contents/Home"/>
    <property name="file.separator" value="/"/>
    <property name="basedir" value="/Users/cihandilsiz/Desktop/flight-ticket-booking-main 2/backend"/>
    <property name="java.vm.compressedOopsMode" value="Zero based"/>
    <property name="line.separator" value="&#10;"/>
    <property name="java.specification.name" value="Java Platform API Specification"/>
    <property name="java.vm.specification.vendor" value="Oracle Corporation"/>
    <property name="apple.awt.application.name" value="ForkedBooter"/>
    <property name="surefire.real.class.path" value="/Users/cihandilsiz/Desktop/flight-ticket-booking-main 2/backend/target/surefire/surefirebooter987682486882752931.jar"/>
    <property name="sun.management.compiler" value="HotSpot 64-Bit Tiered Compilers"/>
    <property name="java.runtime.version" value="19+36-2238"/>
    <property name="user.name" value="cihandilsiz"/>
    <property name="stdout.encoding" value="UTF-8"/>
    <property name="path.separator" value=":"/>
    <property name="os.version" value="13.2.1"/>
    <property name="java.runtime.name" value="Java(TM) SE Runtime Environment"/>
    <property name="file.encoding" value="UTF-8"/>
    <property name="java.vm.name" value="Java HotSpot(TM) 64-Bit Server VM"/>
    <property name="localRepository" value="/Users/cihandilsiz/.m2/repository"/>
    <property name="java.vendor.url.bug" value="https://bugreport.java.com/bugreport/"/>
    <property name="java.io.tmpdir" value="/var/folders/_l/6b9pgn4s35xbpjt4j92d5gjc0000gn/T/"/>
    <property name="idea.version" value="2022.3.2"/>
    <property name="java.version" value="19"/>
    <property name="user.dir" value="/Users/cihandilsiz/Desktop/flight-ticket-booking-main 2/backend"/>
    <property name="os.arch" value="aarch64"/>
    <property name="java.vm.specification.name" value="Java Virtual Machine Specification"/>
    <property name="native.encoding" value="UTF-8"/>
    <property name="java.library.path" value="/Users/cihandilsiz/Library/Java/Extensions:/Library/Java/Extensions:/Network/Library/Java/Extensions:/System/Library/Java/Extensions:/usr/lib/java:."/>
    <property name="java.vm.info" value="mixed mode, sharing"/>
    <property name="stderr.encoding" value="UTF-8"/>
    <property name="java.vendor" value="Oracle Corporation"/>
    <property name="java.vm.version" value="19+36-2238"/>
    <property name="sun.io.unicode.encoding" value="UnicodeBig"/>
    <property name="java.class.version" value="63.0"/>
  </properties>
  <testcase name="contextLoads" classname="com.renastech.FlightTicketBooking.FlightTicketBookingApplicationTests" time="0.05"/>
</testsuite>